ERROR - 2023-09-17 08:55:35 --> mysqli_sql_exception: Table 'appdev.studinfos' doesn't exist in C:\laragon\www\CRUDstudentinfo\system\Database\MySQLi\Connection.php:306
Stack trace:
#0 C:\laragon\www\CRUDstudentinfo\system\Database\MySQLi\Connection.php(306): mysqli->query('SELECT *\nFROM `...', 0)
#1 C:\laragon\www\CRUDstudentinfo\system\Database\BaseConnection.php(692): CodeIgniter\Database\MySQLi\Connection->execute('SELECT *\nFROM `...')
#2 C:\laragon\www\CRUDstudentinfo\system\Database\BaseConnection.php(606): CodeIgniter\Database\BaseConnection->simpleQuery('SELECT *\nFROM `...')
#3 C:\laragon\www\CRUDstudentinfo\system\Database\BaseBuilder.php(1615): CodeIgniter\Database\BaseConnection->query('SELECT *\nFROM `...', Array, false)
#4 C:\laragon\www\CRUDstudentinfo\system\Model.php(237): CodeIgniter\Database\BaseBuilder->get()
#5 C:\laragon\www\CRUDstudentinfo\system\BaseModel.php(624): CodeIgniter\Model->doFindAll(0, 0)
#6 C:\laragon\www\CRUDstudentinfo\app\Controllers\StudinfoController.php(17): CodeIgniter\BaseModel->findAll()
#7 C:\laragon\www\CRUDstudentinfo\system\CodeIgniter.php(919): App\Controllers\StudinfoController->jecjec()
#8 C:\laragon\www\CRUDstudentinfo\system\CodeIgniter.php(494): CodeIgniter\CodeIgniter->runController(Object(App\Controllers\StudinfoController))
#9 C:\laragon\www\CRUDstudentinfo\system\CodeIgniter.php(353): CodeIgniter\CodeIgniter->handleRequest(NULL, Object(Config\Cache), false)
#10 C:\laragon\www\CRUDstudentinfo\public\index.php(79): CodeIgniter\CodeIgniter->run()
#11 C:\laragon\www\CRUDstudentinfo\system\Commands\Server\rewrite.php(47): require_once('C:\\laragon\\www\\...')
#12 {main}
CRITICAL - 2023-09-17 08:55:35 --> Table 'appdev.studinfos' doesn't exist
in SYSTEMPATH\Database\BaseConnection.php on line 646.
 1 SYSTEMPATH\Database\BaseBuilder.php(1615): CodeIgniter\Database\BaseConnection->query('SELECT *
FROM `studinfos`', [], false)
 2 SYSTEMPATH\Model.php(237): CodeIgniter\Database\BaseBuilder->get()
 3 SYSTEMPATH\BaseModel.php(624): CodeIgniter\Model->doFindAll(0, 0)
 4 APPPATH\Controllers\StudinfoController.php(17): CodeIgniter\BaseModel->findAll()
 5 SYSTEMPATH\CodeIgniter.php(919): App\Controllers\StudinfoController->jecjec()
 6 SYSTEMPATH\CodeIgniter.php(494): CodeIgniter\CodeIgniter->runController(Object(App\Controllers\StudinfoController))
 7 SYSTEMPATH\CodeIgniter.php(353): CodeIgniter\CodeIgniter->handleRequest(null, Object(Config\Cache), false)
 8 FCPATH\index.php(79): CodeIgniter\CodeIgniter->run()
 9 SYSTEMPATH\Commands\Server\rewrite.php(47): require_once('C:\\laragon\\www\\CRUDstudentinfo\\public\\index.php')
ERROR - 2023-09-17 08:56:55 --> mysqli_sql_exception: Table 'appdev.studinfos' doesn't exist in C:\laragon\www\CRUDstudentinfo\system\Database\MySQLi\Connection.php:306
Stack trace:
#0 C:\laragon\www\CRUDstudentinfo\system\Database\MySQLi\Connection.php(306): mysqli->query('SELECT *\nFROM `...', 0)
#1 C:\laragon\www\CRUDstudentinfo\system\Database\BaseConnection.php(692): CodeIgniter\Database\MySQLi\Connection->execute('SELECT *\nFROM `...')
#2 C:\laragon\www\CRUDstudentinfo\system\Database\BaseConnection.php(606): CodeIgniter\Database\BaseConnection->simpleQuery('SELECT *\nFROM `...')
#3 C:\laragon\www\CRUDstudentinfo\system\Database\BaseBuilder.php(1615): CodeIgniter\Database\BaseConnection->query('SELECT *\nFROM `...', Array, false)
#4 C:\laragon\www\CRUDstudentinfo\system\Model.php(237): CodeIgniter\Database\BaseBuilder->get()
#5 C:\laragon\www\CRUDstudentinfo\system\BaseModel.php(624): CodeIgniter\Model->doFindAll(0, 0)
#6 C:\laragon\www\CRUDstudentinfo\app\Controllers\StudinfoController.php(17): CodeIgniter\BaseModel->findAll()
#7 C:\laragon\www\CRUDstudentinfo\system\CodeIgniter.php(919): App\Controllers\StudinfoController->jecjec()
#8 C:\laragon\www\CRUDstudentinfo\system\CodeIgniter.php(494): CodeIgniter\CodeIgniter->runController(Object(App\Controllers\StudinfoController))
#9 C:\laragon\www\CRUDstudentinfo\system\CodeIgniter.php(353): CodeIgniter\CodeIgniter->handleRequest(NULL, Object(Config\Cache), false)
#10 C:\laragon\www\CRUDstudentinfo\public\index.php(79): CodeIgniter\CodeIgniter->run()
#11 C:\laragon\www\CRUDstudentinfo\system\Commands\Server\rewrite.php(47): require_once('C:\\laragon\\www\\...')
#12 {main}
CRITICAL - 2023-09-17 08:56:55 --> Table 'appdev.studinfos' doesn't exist
in SYSTEMPATH\Database\BaseConnection.php on line 646.
 1 SYSTEMPATH\Database\BaseBuilder.php(1615): CodeIgniter\Database\BaseConnection->query('SELECT *
FROM `studinfos`', [], false)
 2 SYSTEMPATH\Model.php(237): CodeIgniter\Database\BaseBuilder->get()
 3 SYSTEMPATH\BaseModel.php(624): CodeIgniter\Model->doFindAll(0, 0)
 4 APPPATH\Controllers\StudinfoController.php(17): CodeIgniter\BaseModel->findAll()
 5 SYSTEMPATH\CodeIgniter.php(919): App\Controllers\StudinfoController->jecjec()
 6 SYSTEMPATH\CodeIgniter.php(494): CodeIgniter\CodeIgniter->runController(Object(App\Controllers\StudinfoController))
 7 SYSTEMPATH\CodeIgniter.php(353): CodeIgniter\CodeIgniter->handleRequest(null, Object(Config\Cache), false)
 8 FCPATH\index.php(79): CodeIgniter\CodeIgniter->run()
 9 SYSTEMPATH\Commands\Server\rewrite.php(47): require_once('C:\\laragon\\www\\CRUDstudentinfo\\public\\index.php')
ERROR - 2023-09-17 08:58:20 --> mysqli_sql_exception: Table 'appdev.studinfos' doesn't exist in C:\laragon\www\CRUDstudentinfo\system\Database\MySQLi\Connection.php:306
Stack trace:
#0 C:\laragon\www\CRUDstudentinfo\system\Database\MySQLi\Connection.php(306): mysqli->query('SELECT *\nFROM `...', 0)
#1 C:\laragon\www\CRUDstudentinfo\system\Database\BaseConnection.php(692): CodeIgniter\Database\MySQLi\Connection->execute('SELECT *\nFROM `...')
#2 C:\laragon\www\CRUDstudentinfo\system\Database\BaseConnection.php(606): CodeIgniter\Database\BaseConnection->simpleQuery('SELECT *\nFROM `...')
#3 C:\laragon\www\CRUDstudentinfo\system\Database\BaseBuilder.php(1615): CodeIgniter\Database\BaseConnection->query('SELECT *\nFROM `...', Array, false)
#4 C:\laragon\www\CRUDstudentinfo\system\Model.php(237): CodeIgniter\Database\BaseBuilder->get()
#5 C:\laragon\www\CRUDstudentinfo\system\BaseModel.php(624): CodeIgniter\Model->doFindAll(0, 0)
#6 C:\laragon\www\CRUDstudentinfo\app\Controllers\StudinfoController.php(17): CodeIgniter\BaseModel->findAll()
#7 C:\laragon\www\CRUDstudentinfo\system\CodeIgniter.php(919): App\Controllers\StudinfoController->jecjec()
#8 C:\laragon\www\CRUDstudentinfo\system\CodeIgniter.php(494): CodeIgniter\CodeIgniter->runController(Object(App\Controllers\StudinfoController))
#9 C:\laragon\www\CRUDstudentinfo\system\CodeIgniter.php(353): CodeIgniter\CodeIgniter->handleRequest(NULL, Object(Config\Cache), false)
#10 C:\laragon\www\CRUDstudentinfo\public\index.php(79): CodeIgniter\CodeIgniter->run()
#11 C:\laragon\www\CRUDstudentinfo\system\Commands\Server\rewrite.php(47): require_once('C:\\laragon\\www\\...')
#12 {main}
CRITICAL - 2023-09-17 08:58:20 --> Table 'appdev.studinfos' doesn't exist
in SYSTEMPATH\Database\BaseConnection.php on line 646.
 1 SYSTEMPATH\Database\BaseBuilder.php(1615): CodeIgniter\Database\BaseConnection->query('SELECT *
FROM `studinfos`', [], false)
 2 SYSTEMPATH\Model.php(237): CodeIgniter\Database\BaseBuilder->get()
 3 SYSTEMPATH\BaseModel.php(624): CodeIgniter\Model->doFindAll(0, 0)
 4 APPPATH\Controllers\StudinfoController.php(17): CodeIgniter\BaseModel->findAll()
 5 SYSTEMPATH\CodeIgniter.php(919): App\Controllers\StudinfoController->jecjec()
 6 SYSTEMPATH\CodeIgniter.php(494): CodeIgniter\CodeIgniter->runController(Object(App\Controllers\StudinfoController))
 7 SYSTEMPATH\CodeIgniter.php(353): CodeIgniter\CodeIgniter->handleRequest(null, Object(Config\Cache), false)
 8 FCPATH\index.php(79): CodeIgniter\CodeIgniter->run()
 9 SYSTEMPATH\Commands\Server\rewrite.php(47): require_once('C:\\laragon\\www\\CRUDstudentinfo\\public\\index.php')
ERROR - 2023-09-17 08:58:22 --> mysqli_sql_exception: Table 'appdev.studinfos' doesn't exist in C:\laragon\www\CRUDstudentinfo\system\Database\MySQLi\Connection.php:306
Stack trace:
#0 C:\laragon\www\CRUDstudentinfo\system\Database\MySQLi\Connection.php(306): mysqli->query('SELECT *\nFROM `...', 0)
#1 C:\laragon\www\CRUDstudentinfo\system\Database\BaseConnection.php(692): CodeIgniter\Database\MySQLi\Connection->execute('SELECT *\nFROM `...')
#2 C:\laragon\www\CRUDstudentinfo\system\Database\BaseConnection.php(606): CodeIgniter\Database\BaseConnection->simpleQuery('SELECT *\nFROM `...')
#3 C:\laragon\www\CRUDstudentinfo\system\Database\BaseBuilder.php(1615): CodeIgniter\Database\BaseConnection->query('SELECT *\nFROM `...', Array, false)
#4 C:\laragon\www\CRUDstudentinfo\system\Model.php(237): CodeIgniter\Database\BaseBuilder->get()
#5 C:\laragon\www\CRUDstudentinfo\system\BaseModel.php(624): CodeIgniter\Model->doFindAll(0, 0)
#6 C:\laragon\www\CRUDstudentinfo\app\Controllers\StudinfoController.php(17): CodeIgniter\BaseModel->findAll()
#7 C:\laragon\www\CRUDstudentinfo\system\CodeIgniter.php(919): App\Controllers\StudinfoController->jecjec()
#8 C:\laragon\www\CRUDstudentinfo\system\CodeIgniter.php(494): CodeIgniter\CodeIgniter->runController(Object(App\Controllers\StudinfoController))
#9 C:\laragon\www\CRUDstudentinfo\system\CodeIgniter.php(353): CodeIgniter\CodeIgniter->handleRequest(NULL, Object(Config\Cache), false)
#10 C:\laragon\www\CRUDstudentinfo\public\index.php(79): CodeIgniter\CodeIgniter->run()
#11 C:\laragon\www\CRUDstudentinfo\system\Commands\Server\rewrite.php(47): require_once('C:\\laragon\\www\\...')
#12 {main}
CRITICAL - 2023-09-17 08:58:22 --> Table 'appdev.studinfos' doesn't exist
in SYSTEMPATH\Database\BaseConnection.php on line 646.
 1 SYSTEMPATH\Database\BaseBuilder.php(1615): CodeIgniter\Database\BaseConnection->query('SELECT *
FROM `studinfos`', [], false)
 2 SYSTEMPATH\Model.php(237): CodeIgniter\Database\BaseBuilder->get()
 3 SYSTEMPATH\BaseModel.php(624): CodeIgniter\Model->doFindAll(0, 0)
 4 APPPATH\Controllers\StudinfoController.php(17): CodeIgniter\BaseModel->findAll()
 5 SYSTEMPATH\CodeIgniter.php(919): App\Controllers\StudinfoController->jecjec()
 6 SYSTEMPATH\CodeIgniter.php(494): CodeIgniter\CodeIgniter->runController(Object(App\Controllers\StudinfoController))
 7 SYSTEMPATH\CodeIgniter.php(353): CodeIgniter\CodeIgniter->handleRequest(null, Object(Config\Cache), false)
 8 FCPATH\index.php(79): CodeIgniter\CodeIgniter->run()
 9 SYSTEMPATH\Commands\Server\rewrite.php(47): require_once('C:\\laragon\\www\\CRUDstudentinfo\\public\\index.php')
ERROR - 2023-09-17 09:00:01 --> mysqli_sql_exception: Table 'appdev.studinfos' doesn't exist in C:\laragon\www\CRUDstudentinfo\system\Database\MySQLi\Connection.php:306
Stack trace:
#0 C:\laragon\www\CRUDstudentinfo\system\Database\MySQLi\Connection.php(306): mysqli->query('SELECT *\nFROM `...', 0)
#1 C:\laragon\www\CRUDstudentinfo\system\Database\BaseConnection.php(692): CodeIgniter\Database\MySQLi\Connection->execute('SELECT *\nFROM `...')
#2 C:\laragon\www\CRUDstudentinfo\system\Database\BaseConnection.php(606): CodeIgniter\Database\BaseConnection->simpleQuery('SELECT *\nFROM `...')
#3 C:\laragon\www\CRUDstudentinfo\system\Database\BaseBuilder.php(1615): CodeIgniter\Database\BaseConnection->query('SELECT *\nFROM `...', Array, false)
#4 C:\laragon\www\CRUDstudentinfo\system\Model.php(237): CodeIgniter\Database\BaseBuilder->get()
#5 C:\laragon\www\CRUDstudentinfo\system\BaseModel.php(624): CodeIgniter\Model->doFindAll(0, 0)
#6 C:\laragon\www\CRUDstudentinfo\app\Controllers\StudinfoController.php(17): CodeIgniter\BaseModel->findAll()
#7 C:\laragon\www\CRUDstudentinfo\system\CodeIgniter.php(919): App\Controllers\StudinfoController->jecjec()
#8 C:\laragon\www\CRUDstudentinfo\system\CodeIgniter.php(494): CodeIgniter\CodeIgniter->runController(Object(App\Controllers\StudinfoController))
#9 C:\laragon\www\CRUDstudentinfo\system\CodeIgniter.php(353): CodeIgniter\CodeIgniter->handleRequest(NULL, Object(Config\Cache), false)
#10 C:\laragon\www\CRUDstudentinfo\public\index.php(79): CodeIgniter\CodeIgniter->run()
#11 C:\laragon\www\CRUDstudentinfo\system\Commands\Server\rewrite.php(47): require_once('C:\\laragon\\www\\...')
#12 {main}
CRITICAL - 2023-09-17 09:00:01 --> Table 'appdev.studinfos' doesn't exist
in SYSTEMPATH\Database\BaseConnection.php on line 646.
 1 SYSTEMPATH\Database\BaseBuilder.php(1615): CodeIgniter\Database\BaseConnection->query('SELECT *
FROM `studinfos`', [], false)
 2 SYSTEMPATH\Model.php(237): CodeIgniter\Database\BaseBuilder->get()
 3 SYSTEMPATH\BaseModel.php(624): CodeIgniter\Model->doFindAll(0, 0)
 4 APPPATH\Controllers\StudinfoController.php(17): CodeIgniter\BaseModel->findAll()
 5 SYSTEMPATH\CodeIgniter.php(919): App\Controllers\StudinfoController->jecjec()
 6 SYSTEMPATH\CodeIgniter.php(494): CodeIgniter\CodeIgniter->runController(Object(App\Controllers\StudinfoController))
 7 SYSTEMPATH\CodeIgniter.php(353): CodeIgniter\CodeIgniter->handleRequest(null, Object(Config\Cache), false)
 8 FCPATH\index.php(79): CodeIgniter\CodeIgniter->run()
 9 SYSTEMPATH\Commands\Server\rewrite.php(47): require_once('C:\\laragon\\www\\CRUDstudentinfo\\public\\index.php')
ERROR - 2023-09-17 09:00:06 --> mysqli_sql_exception: Table 'appdev.studinfos' doesn't exist in C:\laragon\www\CRUDstudentinfo\system\Database\MySQLi\Connection.php:306
Stack trace:
#0 C:\laragon\www\CRUDstudentinfo\system\Database\MySQLi\Connection.php(306): mysqli->query('SELECT *\nFROM `...', 0)
#1 C:\laragon\www\CRUDstudentinfo\system\Database\BaseConnection.php(692): CodeIgniter\Database\MySQLi\Connection->execute('SELECT *\nFROM `...')
#2 C:\laragon\www\CRUDstudentinfo\system\Database\BaseConnection.php(606): CodeIgniter\Database\BaseConnection->simpleQuery('SELECT *\nFROM `...')
#3 C:\laragon\www\CRUDstudentinfo\system\Database\BaseBuilder.php(1615): CodeIgniter\Database\BaseConnection->query('SELECT *\nFROM `...', Array, false)
#4 C:\laragon\www\CRUDstudentinfo\system\Model.php(237): CodeIgniter\Database\BaseBuilder->get()
#5 C:\laragon\www\CRUDstudentinfo\system\BaseModel.php(624): CodeIgniter\Model->doFindAll(0, 0)
#6 C:\laragon\www\CRUDstudentinfo\app\Controllers\StudinfoController.php(17): CodeIgniter\BaseModel->findAll()
#7 C:\laragon\www\CRUDstudentinfo\system\CodeIgniter.php(919): App\Controllers\StudinfoController->jecjec()
#8 C:\laragon\www\CRUDstudentinfo\system\CodeIgniter.php(494): CodeIgniter\CodeIgniter->runController(Object(App\Controllers\StudinfoController))
#9 C:\laragon\www\CRUDstudentinfo\system\CodeIgniter.php(353): CodeIgniter\CodeIgniter->handleRequest(NULL, Object(Config\Cache), false)
#10 C:\laragon\www\CRUDstudentinfo\public\index.php(79): CodeIgniter\CodeIgniter->run()
#11 C:\laragon\www\CRUDstudentinfo\system\Commands\Server\rewrite.php(47): require_once('C:\\laragon\\www\\...')
#12 {main}
CRITICAL - 2023-09-17 09:00:06 --> Table 'appdev.studinfos' doesn't exist
in SYSTEMPATH\Database\BaseConnection.php on line 646.
 1 SYSTEMPATH\Database\BaseBuilder.php(1615): CodeIgniter\Database\BaseConnection->query('SELECT *
FROM `studinfos`', [], false)
 2 SYSTEMPATH\Model.php(237): CodeIgniter\Database\BaseBuilder->get()
 3 SYSTEMPATH\BaseModel.php(624): CodeIgniter\Model->doFindAll(0, 0)
 4 APPPATH\Controllers\StudinfoController.php(17): CodeIgniter\BaseModel->findAll()
 5 SYSTEMPATH\CodeIgniter.php(919): App\Controllers\StudinfoController->jecjec()
 6 SYSTEMPATH\CodeIgniter.php(494): CodeIgniter\CodeIgniter->runController(Object(App\Controllers\StudinfoController))
 7 SYSTEMPATH\CodeIgniter.php(353): CodeIgniter\CodeIgniter->handleRequest(null, Object(Config\Cache), false)
 8 FCPATH\index.php(79): CodeIgniter\CodeIgniter->run()
 9 SYSTEMPATH\Commands\Server\rewrite.php(47): require_once('C:\\laragon\\www\\CRUDstudentinfo\\public\\index.php')
ERROR - 2023-09-17 09:00:07 --> mysqli_sql_exception: Table 'appdev.studinfos' doesn't exist in C:\laragon\www\CRUDstudentinfo\system\Database\MySQLi\Connection.php:306
Stack trace:
#0 C:\laragon\www\CRUDstudentinfo\system\Database\MySQLi\Connection.php(306): mysqli->query('SELECT *\nFROM `...', 0)
#1 C:\laragon\www\CRUDstudentinfo\system\Database\BaseConnection.php(692): CodeIgniter\Database\MySQLi\Connection->execute('SELECT *\nFROM `...')
#2 C:\laragon\www\CRUDstudentinfo\system\Database\BaseConnection.php(606): CodeIgniter\Database\BaseConnection->simpleQuery('SELECT *\nFROM `...')
#3 C:\laragon\www\CRUDstudentinfo\system\Database\BaseBuilder.php(1615): CodeIgniter\Database\BaseConnection->query('SELECT *\nFROM `...', Array, false)
#4 C:\laragon\www\CRUDstudentinfo\system\Model.php(237): CodeIgniter\Database\BaseBuilder->get()
#5 C:\laragon\www\CRUDstudentinfo\system\BaseModel.php(624): CodeIgniter\Model->doFindAll(0, 0)
#6 C:\laragon\www\CRUDstudentinfo\app\Controllers\StudinfoController.php(17): CodeIgniter\BaseModel->findAll()
#7 C:\laragon\www\CRUDstudentinfo\system\CodeIgniter.php(919): App\Controllers\StudinfoController->jecjec()
#8 C:\laragon\www\CRUDstudentinfo\system\CodeIgniter.php(494): CodeIgniter\CodeIgniter->runController(Object(App\Controllers\StudinfoController))
#9 C:\laragon\www\CRUDstudentinfo\system\CodeIgniter.php(353): CodeIgniter\CodeIgniter->handleRequest(NULL, Object(Config\Cache), false)
#10 C:\laragon\www\CRUDstudentinfo\public\index.php(79): CodeIgniter\CodeIgniter->run()
#11 C:\laragon\www\CRUDstudentinfo\system\Commands\Server\rewrite.php(47): require_once('C:\\laragon\\www\\...')
#12 {main}
CRITICAL - 2023-09-17 09:00:07 --> Table 'appdev.studinfos' doesn't exist
in SYSTEMPATH\Database\BaseConnection.php on line 646.
 1 SYSTEMPATH\Database\BaseBuilder.php(1615): CodeIgniter\Database\BaseConnection->query('SELECT *
FROM `studinfos`', [], false)
 2 SYSTEMPATH\Model.php(237): CodeIgniter\Database\BaseBuilder->get()
 3 SYSTEMPATH\BaseModel.php(624): CodeIgniter\Model->doFindAll(0, 0)
 4 APPPATH\Controllers\StudinfoController.php(17): CodeIgniter\BaseModel->findAll()
 5 SYSTEMPATH\CodeIgniter.php(919): App\Controllers\StudinfoController->jecjec()
 6 SYSTEMPATH\CodeIgniter.php(494): CodeIgniter\CodeIgniter->runController(Object(App\Controllers\StudinfoController))
 7 SYSTEMPATH\CodeIgniter.php(353): CodeIgniter\CodeIgniter->handleRequest(null, Object(Config\Cache), false)
 8 FCPATH\index.php(79): CodeIgniter\CodeIgniter->run()
 9 SYSTEMPATH\Commands\Server\rewrite.php(47): require_once('C:\\laragon\\www\\CRUDstudentinfo\\public\\index.php')
ERROR - 2023-09-17 09:08:31 --> mysqli_sql_exception: Table 'appdev.studinfos' doesn't exist in C:\laragon\www\CRUDstudentinfo\system\Database\MySQLi\Connection.php:306
Stack trace:
#0 C:\laragon\www\CRUDstudentinfo\system\Database\MySQLi\Connection.php(306): mysqli->query('SELECT *\nFROM `...', 0)
#1 C:\laragon\www\CRUDstudentinfo\system\Database\BaseConnection.php(692): CodeIgniter\Database\MySQLi\Connection->execute('SELECT *\nFROM `...')
#2 C:\laragon\www\CRUDstudentinfo\system\Database\BaseConnection.php(606): CodeIgniter\Database\BaseConnection->simpleQuery('SELECT *\nFROM `...')
#3 C:\laragon\www\CRUDstudentinfo\system\Database\BaseBuilder.php(1615): CodeIgniter\Database\BaseConnection->query('SELECT *\nFROM `...', Array, false)
#4 C:\laragon\www\CRUDstudentinfo\system\Model.php(237): CodeIgniter\Database\BaseBuilder->get()
#5 C:\laragon\www\CRUDstudentinfo\system\BaseModel.php(624): CodeIgniter\Model->doFindAll(0, 0)
#6 C:\laragon\www\CRUDstudentinfo\app\Controllers\StudinfoController.php(17): CodeIgniter\BaseModel->findAll()
#7 C:\laragon\www\CRUDstudentinfo\system\CodeIgniter.php(919): App\Controllers\StudinfoController->jecjec()
#8 C:\laragon\www\CRUDstudentinfo\system\CodeIgniter.php(494): CodeIgniter\CodeIgniter->runController(Object(App\Controllers\StudinfoController))
#9 C:\laragon\www\CRUDstudentinfo\system\CodeIgniter.php(353): CodeIgniter\CodeIgniter->handleRequest(NULL, Object(Config\Cache), false)
#10 C:\laragon\www\CRUDstudentinfo\public\index.php(79): CodeIgniter\CodeIgniter->run()
#11 C:\laragon\www\CRUDstudentinfo\system\Commands\Server\rewrite.php(47): require_once('C:\\laragon\\www\\...')
#12 {main}
CRITICAL - 2023-09-17 09:08:31 --> Table 'appdev.studinfos' doesn't exist
in SYSTEMPATH\Database\BaseConnection.php on line 646.
 1 SYSTEMPATH\Database\BaseBuilder.php(1615): CodeIgniter\Database\BaseConnection->query('SELECT *
FROM `studinfos`', [], false)
 2 SYSTEMPATH\Model.php(237): CodeIgniter\Database\BaseBuilder->get()
 3 SYSTEMPATH\BaseModel.php(624): CodeIgniter\Model->doFindAll(0, 0)
 4 APPPATH\Controllers\StudinfoController.php(17): CodeIgniter\BaseModel->findAll()
 5 SYSTEMPATH\CodeIgniter.php(919): App\Controllers\StudinfoController->jecjec()
 6 SYSTEMPATH\CodeIgniter.php(494): CodeIgniter\CodeIgniter->runController(Object(App\Controllers\StudinfoController))
 7 SYSTEMPATH\CodeIgniter.php(353): CodeIgniter\CodeIgniter->handleRequest(null, Object(Config\Cache), false)
 8 FCPATH\index.php(79): CodeIgniter\CodeIgniter->run()
 9 SYSTEMPATH\Commands\Server\rewrite.php(47): require_once('C:\\laragon\\www\\CRUDstudentinfo\\public\\index.php')
ERROR - 2023-09-17 09:08:34 --> mysqli_sql_exception: Table 'appdev.studinfos' doesn't exist in C:\laragon\www\CRUDstudentinfo\system\Database\MySQLi\Connection.php:306
Stack trace:
#0 C:\laragon\www\CRUDstudentinfo\system\Database\MySQLi\Connection.php(306): mysqli->query('SELECT *\nFROM `...', 0)
#1 C:\laragon\www\CRUDstudentinfo\system\Database\BaseConnection.php(692): CodeIgniter\Database\MySQLi\Connection->execute('SELECT *\nFROM `...')
#2 C:\laragon\www\CRUDstudentinfo\system\Database\BaseConnection.php(606): CodeIgniter\Database\BaseConnection->simpleQuery('SELECT *\nFROM `...')
#3 C:\laragon\www\CRUDstudentinfo\system\Database\BaseBuilder.php(1615): CodeIgniter\Database\BaseConnection->query('SELECT *\nFROM `...', Array, false)
#4 C:\laragon\www\CRUDstudentinfo\system\Model.php(237): CodeIgniter\Database\BaseBuilder->get()
#5 C:\laragon\www\CRUDstudentinfo\system\BaseModel.php(624): CodeIgniter\Model->doFindAll(0, 0)
#6 C:\laragon\www\CRUDstudentinfo\app\Controllers\StudinfoController.php(17): CodeIgniter\BaseModel->findAll()
#7 C:\laragon\www\CRUDstudentinfo\system\CodeIgniter.php(919): App\Controllers\StudinfoController->jecjec()
#8 C:\laragon\www\CRUDstudentinfo\system\CodeIgniter.php(494): CodeIgniter\CodeIgniter->runController(Object(App\Controllers\StudinfoController))
#9 C:\laragon\www\CRUDstudentinfo\system\CodeIgniter.php(353): CodeIgniter\CodeIgniter->handleRequest(NULL, Object(Config\Cache), false)
#10 C:\laragon\www\CRUDstudentinfo\public\index.php(79): CodeIgniter\CodeIgniter->run()
#11 C:\laragon\www\CRUDstudentinfo\system\Commands\Server\rewrite.php(47): require_once('C:\\laragon\\www\\...')
#12 {main}
CRITICAL - 2023-09-17 09:08:34 --> Table 'appdev.studinfos' doesn't exist
in SYSTEMPATH\Database\BaseConnection.php on line 646.
 1 SYSTEMPATH\Database\BaseBuilder.php(1615): CodeIgniter\Database\BaseConnection->query('SELECT *
FROM `studinfos`', [], false)
 2 SYSTEMPATH\Model.php(237): CodeIgniter\Database\BaseBuilder->get()
 3 SYSTEMPATH\BaseModel.php(624): CodeIgniter\Model->doFindAll(0, 0)
 4 APPPATH\Controllers\StudinfoController.php(17): CodeIgniter\BaseModel->findAll()
 5 SYSTEMPATH\CodeIgniter.php(919): App\Controllers\StudinfoController->jecjec()
 6 SYSTEMPATH\CodeIgniter.php(494): CodeIgniter\CodeIgniter->runController(Object(App\Controllers\StudinfoController))
 7 SYSTEMPATH\CodeIgniter.php(353): CodeIgniter\CodeIgniter->handleRequest(null, Object(Config\Cache), false)
 8 FCPATH\index.php(79): CodeIgniter\CodeIgniter->run()
 9 SYSTEMPATH\Commands\Server\rewrite.php(47): require_once('C:\\laragon\\www\\CRUDstudentinfo\\public\\index.php')
ERROR - 2023-09-17 09:08:47 --> mysqli_sql_exception: Table 'appdev.studinfos' doesn't exist in C:\laragon\www\CRUDstudentinfo\system\Database\MySQLi\Connection.php:306
Stack trace:
#0 C:\laragon\www\CRUDstudentinfo\system\Database\MySQLi\Connection.php(306): mysqli->query('SELECT *\nFROM `...', 0)
#1 C:\laragon\www\CRUDstudentinfo\system\Database\BaseConnection.php(692): CodeIgniter\Database\MySQLi\Connection->execute('SELECT *\nFROM `...')
#2 C:\laragon\www\CRUDstudentinfo\system\Database\BaseConnection.php(606): CodeIgniter\Database\BaseConnection->simpleQuery('SELECT *\nFROM `...')
#3 C:\laragon\www\CRUDstudentinfo\system\Database\BaseBuilder.php(1615): CodeIgniter\Database\BaseConnection->query('SELECT *\nFROM `...', Array, false)
#4 C:\laragon\www\CRUDstudentinfo\system\Model.php(237): CodeIgniter\Database\BaseBuilder->get()
#5 C:\laragon\www\CRUDstudentinfo\system\BaseModel.php(624): CodeIgniter\Model->doFindAll(0, 0)
#6 C:\laragon\www\CRUDstudentinfo\app\Controllers\StudinfoController.php(17): CodeIgniter\BaseModel->findAll()
#7 C:\laragon\www\CRUDstudentinfo\system\CodeIgniter.php(919): App\Controllers\StudinfoController->jecjec()
#8 C:\laragon\www\CRUDstudentinfo\system\CodeIgniter.php(494): CodeIgniter\CodeIgniter->runController(Object(App\Controllers\StudinfoController))
#9 C:\laragon\www\CRUDstudentinfo\system\CodeIgniter.php(353): CodeIgniter\CodeIgniter->handleRequest(NULL, Object(Config\Cache), false)
#10 C:\laragon\www\CRUDstudentinfo\public\index.php(79): CodeIgniter\CodeIgniter->run()
#11 C:\laragon\www\CRUDstudentinfo\system\Commands\Server\rewrite.php(47): require_once('C:\\laragon\\www\\...')
#12 {main}
CRITICAL - 2023-09-17 09:08:47 --> Table 'appdev.studinfos' doesn't exist
in SYSTEMPATH\Database\BaseConnection.php on line 646.
 1 SYSTEMPATH\Database\BaseBuilder.php(1615): CodeIgniter\Database\BaseConnection->query('SELECT *
FROM `studinfos`', [], false)
 2 SYSTEMPATH\Model.php(237): CodeIgniter\Database\BaseBuilder->get()
 3 SYSTEMPATH\BaseModel.php(624): CodeIgniter\Model->doFindAll(0, 0)
 4 APPPATH\Controllers\StudinfoController.php(17): CodeIgniter\BaseModel->findAll()
 5 SYSTEMPATH\CodeIgniter.php(919): App\Controllers\StudinfoController->jecjec()
 6 SYSTEMPATH\CodeIgniter.php(494): CodeIgniter\CodeIgniter->runController(Object(App\Controllers\StudinfoController))
 7 SYSTEMPATH\CodeIgniter.php(353): CodeIgniter\CodeIgniter->handleRequest(null, Object(Config\Cache), false)
 8 FCPATH\index.php(79): CodeIgniter\CodeIgniter->run()
 9 SYSTEMPATH\Commands\Server\rewrite.php(47): require_once('C:\\laragon\\www\\CRUDstudentinfo\\public\\index.php')
ERROR - 2023-09-17 09:09:09 --> mysqli_sql_exception: Table 'appdev.studinfos' doesn't exist in C:\laragon\www\CRUDstudentinfo\system\Database\MySQLi\Connection.php:306
Stack trace:
#0 C:\laragon\www\CRUDstudentinfo\system\Database\MySQLi\Connection.php(306): mysqli->query('SELECT *\nFROM `...', 0)
#1 C:\laragon\www\CRUDstudentinfo\system\Database\BaseConnection.php(692): CodeIgniter\Database\MySQLi\Connection->execute('SELECT *\nFROM `...')
#2 C:\laragon\www\CRUDstudentinfo\system\Database\BaseConnection.php(606): CodeIgniter\Database\BaseConnection->simpleQuery('SELECT *\nFROM `...')
#3 C:\laragon\www\CRUDstudentinfo\system\Database\BaseBuilder.php(1615): CodeIgniter\Database\BaseConnection->query('SELECT *\nFROM `...', Array, false)
#4 C:\laragon\www\CRUDstudentinfo\system\Model.php(237): CodeIgniter\Database\BaseBuilder->get()
#5 C:\laragon\www\CRUDstudentinfo\system\BaseModel.php(624): CodeIgniter\Model->doFindAll(0, 0)
#6 C:\laragon\www\CRUDstudentinfo\app\Controllers\StudinfoController.php(17): CodeIgniter\BaseModel->findAll()
#7 C:\laragon\www\CRUDstudentinfo\system\CodeIgniter.php(919): App\Controllers\StudinfoController->jecjec()
#8 C:\laragon\www\CRUDstudentinfo\system\CodeIgniter.php(494): CodeIgniter\CodeIgniter->runController(Object(App\Controllers\StudinfoController))
#9 C:\laragon\www\CRUDstudentinfo\system\CodeIgniter.php(353): CodeIgniter\CodeIgniter->handleRequest(NULL, Object(Config\Cache), false)
#10 C:\laragon\www\CRUDstudentinfo\public\index.php(79): CodeIgniter\CodeIgniter->run()
#11 C:\laragon\www\CRUDstudentinfo\system\Commands\Server\rewrite.php(47): require_once('C:\\laragon\\www\\...')
#12 {main}
CRITICAL - 2023-09-17 09:09:09 --> Table 'appdev.studinfos' doesn't exist
in SYSTEMPATH\Database\BaseConnection.php on line 646.
 1 SYSTEMPATH\Database\BaseBuilder.php(1615): CodeIgniter\Database\BaseConnection->query('SELECT *
FROM `studinfos`', [], false)
 2 SYSTEMPATH\Model.php(237): CodeIgniter\Database\BaseBuilder->get()
 3 SYSTEMPATH\BaseModel.php(624): CodeIgniter\Model->doFindAll(0, 0)
 4 APPPATH\Controllers\StudinfoController.php(17): CodeIgniter\BaseModel->findAll()
 5 SYSTEMPATH\CodeIgniter.php(919): App\Controllers\StudinfoController->jecjec()
 6 SYSTEMPATH\CodeIgniter.php(494): CodeIgniter\CodeIgniter->runController(Object(App\Controllers\StudinfoController))
 7 SYSTEMPATH\CodeIgniter.php(353): CodeIgniter\CodeIgniter->handleRequest(null, Object(Config\Cache), false)
 8 FCPATH\index.php(79): CodeIgniter\CodeIgniter->run()
 9 SYSTEMPATH\Commands\Server\rewrite.php(47): require_once('C:\\laragon\\www\\CRUDstudentinfo\\public\\index.php')
ERROR - 2023-09-17 09:09:10 --> mysqli_sql_exception: Table 'appdev.studinfos' doesn't exist in C:\laragon\www\CRUDstudentinfo\system\Database\MySQLi\Connection.php:306
Stack trace:
#0 C:\laragon\www\CRUDstudentinfo\system\Database\MySQLi\Connection.php(306): mysqli->query('SELECT *\nFROM `...', 0)
#1 C:\laragon\www\CRUDstudentinfo\system\Database\BaseConnection.php(692): CodeIgniter\Database\MySQLi\Connection->execute('SELECT *\nFROM `...')
#2 C:\laragon\www\CRUDstudentinfo\system\Database\BaseConnection.php(606): CodeIgniter\Database\BaseConnection->simpleQuery('SELECT *\nFROM `...')
#3 C:\laragon\www\CRUDstudentinfo\system\Database\BaseBuilder.php(1615): CodeIgniter\Database\BaseConnection->query('SELECT *\nFROM `...', Array, false)
#4 C:\laragon\www\CRUDstudentinfo\system\Model.php(237): CodeIgniter\Database\BaseBuilder->get()
#5 C:\laragon\www\CRUDstudentinfo\system\BaseModel.php(624): CodeIgniter\Model->doFindAll(0, 0)
#6 C:\laragon\www\CRUDstudentinfo\app\Controllers\StudinfoController.php(17): CodeIgniter\BaseModel->findAll()
#7 C:\laragon\www\CRUDstudentinfo\system\CodeIgniter.php(919): App\Controllers\StudinfoController->jecjec()
#8 C:\laragon\www\CRUDstudentinfo\system\CodeIgniter.php(494): CodeIgniter\CodeIgniter->runController(Object(App\Controllers\StudinfoController))
#9 C:\laragon\www\CRUDstudentinfo\system\CodeIgniter.php(353): CodeIgniter\CodeIgniter->handleRequest(NULL, Object(Config\Cache), false)
#10 C:\laragon\www\CRUDstudentinfo\public\index.php(79): CodeIgniter\CodeIgniter->run()
#11 C:\laragon\www\CRUDstudentinfo\system\Commands\Server\rewrite.php(47): require_once('C:\\laragon\\www\\...')
#12 {main}
CRITICAL - 2023-09-17 09:09:11 --> Table 'appdev.studinfos' doesn't exist
in SYSTEMPATH\Database\BaseConnection.php on line 646.
 1 SYSTEMPATH\Database\BaseBuilder.php(1615): CodeIgniter\Database\BaseConnection->query('SELECT *
FROM `studinfos`', [], false)
 2 SYSTEMPATH\Model.php(237): CodeIgniter\Database\BaseBuilder->get()
 3 SYSTEMPATH\BaseModel.php(624): CodeIgniter\Model->doFindAll(0, 0)
 4 APPPATH\Controllers\StudinfoController.php(17): CodeIgniter\BaseModel->findAll()
 5 SYSTEMPATH\CodeIgniter.php(919): App\Controllers\StudinfoController->jecjec()
 6 SYSTEMPATH\CodeIgniter.php(494): CodeIgniter\CodeIgniter->runController(Object(App\Controllers\StudinfoController))
 7 SYSTEMPATH\CodeIgniter.php(353): CodeIgniter\CodeIgniter->handleRequest(null, Object(Config\Cache), false)
 8 FCPATH\index.php(79): CodeIgniter\CodeIgniter->run()
 9 SYSTEMPATH\Commands\Server\rewrite.php(47): require_once('C:\\laragon\\www\\CRUDstudentinfo\\public\\index.php')
ERROR - 2023-09-17 09:09:11 --> mysqli_sql_exception: Table 'appdev.studinfos' doesn't exist in C:\laragon\www\CRUDstudentinfo\system\Database\MySQLi\Connection.php:306
Stack trace:
#0 C:\laragon\www\CRUDstudentinfo\system\Database\MySQLi\Connection.php(306): mysqli->query('SELECT *\nFROM `...', 0)
#1 C:\laragon\www\CRUDstudentinfo\system\Database\BaseConnection.php(692): CodeIgniter\Database\MySQLi\Connection->execute('SELECT *\nFROM `...')
#2 C:\laragon\www\CRUDstudentinfo\system\Database\BaseConnection.php(606): CodeIgniter\Database\BaseConnection->simpleQuery('SELECT *\nFROM `...')
#3 C:\laragon\www\CRUDstudentinfo\system\Database\BaseBuilder.php(1615): CodeIgniter\Database\BaseConnection->query('SELECT *\nFROM `...', Array, false)
#4 C:\laragon\www\CRUDstudentinfo\system\Model.php(237): CodeIgniter\Database\BaseBuilder->get()
#5 C:\laragon\www\CRUDstudentinfo\system\BaseModel.php(624): CodeIgniter\Model->doFindAll(0, 0)
#6 C:\laragon\www\CRUDstudentinfo\app\Controllers\StudinfoController.php(17): CodeIgniter\BaseModel->findAll()
#7 C:\laragon\www\CRUDstudentinfo\system\CodeIgniter.php(919): App\Controllers\StudinfoController->jecjec()
#8 C:\laragon\www\CRUDstudentinfo\system\CodeIgniter.php(494): CodeIgniter\CodeIgniter->runController(Object(App\Controllers\StudinfoController))
#9 C:\laragon\www\CRUDstudentinfo\system\CodeIgniter.php(353): CodeIgniter\CodeIgniter->handleRequest(NULL, Object(Config\Cache), false)
#10 C:\laragon\www\CRUDstudentinfo\public\index.php(79): CodeIgniter\CodeIgniter->run()
#11 C:\laragon\www\CRUDstudentinfo\system\Commands\Server\rewrite.php(47): require_once('C:\\laragon\\www\\...')
#12 {main}
CRITICAL - 2023-09-17 09:09:11 --> Table 'appdev.studinfos' doesn't exist
in SYSTEMPATH\Database\BaseConnection.php on line 646.
 1 SYSTEMPATH\Database\BaseBuilder.php(1615): CodeIgniter\Database\BaseConnection->query('SELECT *
FROM `studinfos`', [], false)
 2 SYSTEMPATH\Model.php(237): CodeIgniter\Database\BaseBuilder->get()
 3 SYSTEMPATH\BaseModel.php(624): CodeIgniter\Model->doFindAll(0, 0)
 4 APPPATH\Controllers\StudinfoController.php(17): CodeIgniter\BaseModel->findAll()
 5 SYSTEMPATH\CodeIgniter.php(919): App\Controllers\StudinfoController->jecjec()
 6 SYSTEMPATH\CodeIgniter.php(494): CodeIgniter\CodeIgniter->runController(Object(App\Controllers\StudinfoController))
 7 SYSTEMPATH\CodeIgniter.php(353): CodeIgniter\CodeIgniter->handleRequest(null, Object(Config\Cache), false)
 8 FCPATH\index.php(79): CodeIgniter\CodeIgniter->run()
 9 SYSTEMPATH\Commands\Server\rewrite.php(47): require_once('C:\\laragon\\www\\CRUDstudentinfo\\public\\index.php')
ERROR - 2023-09-17 09:09:12 --> mysqli_sql_exception: Table 'appdev.studinfos' doesn't exist in C:\laragon\www\CRUDstudentinfo\system\Database\MySQLi\Connection.php:306
Stack trace:
#0 C:\laragon\www\CRUDstudentinfo\system\Database\MySQLi\Connection.php(306): mysqli->query('SELECT *\nFROM `...', 0)
#1 C:\laragon\www\CRUDstudentinfo\system\Database\BaseConnection.php(692): CodeIgniter\Database\MySQLi\Connection->execute('SELECT *\nFROM `...')
#2 C:\laragon\www\CRUDstudentinfo\system\Database\BaseConnection.php(606): CodeIgniter\Database\BaseConnection->simpleQuery('SELECT *\nFROM `...')
#3 C:\laragon\www\CRUDstudentinfo\system\Database\BaseBuilder.php(1615): CodeIgniter\Database\BaseConnection->query('SELECT *\nFROM `...', Array, false)
#4 C:\laragon\www\CRUDstudentinfo\system\Model.php(237): CodeIgniter\Database\BaseBuilder->get()
#5 C:\laragon\www\CRUDstudentinfo\system\BaseModel.php(624): CodeIgniter\Model->doFindAll(0, 0)
#6 C:\laragon\www\CRUDstudentinfo\app\Controllers\StudinfoController.php(17): CodeIgniter\BaseModel->findAll()
#7 C:\laragon\www\CRUDstudentinfo\system\CodeIgniter.php(919): App\Controllers\StudinfoController->jecjec()
#8 C:\laragon\www\CRUDstudentinfo\system\CodeIgniter.php(494): CodeIgniter\CodeIgniter->runController(Object(App\Controllers\StudinfoController))
#9 C:\laragon\www\CRUDstudentinfo\system\CodeIgniter.php(353): CodeIgniter\CodeIgniter->handleRequest(NULL, Object(Config\Cache), false)
#10 C:\laragon\www\CRUDstudentinfo\public\index.php(79): CodeIgniter\CodeIgniter->run()
#11 C:\laragon\www\CRUDstudentinfo\system\Commands\Server\rewrite.php(47): require_once('C:\\laragon\\www\\...')
#12 {main}
CRITICAL - 2023-09-17 09:09:12 --> Table 'appdev.studinfos' doesn't exist
in SYSTEMPATH\Database\BaseConnection.php on line 646.
 1 SYSTEMPATH\Database\BaseBuilder.php(1615): CodeIgniter\Database\BaseConnection->query('SELECT *
FROM `studinfos`', [], false)
 2 SYSTEMPATH\Model.php(237): CodeIgniter\Database\BaseBuilder->get()
 3 SYSTEMPATH\BaseModel.php(624): CodeIgniter\Model->doFindAll(0, 0)
 4 APPPATH\Controllers\StudinfoController.php(17): CodeIgniter\BaseModel->findAll()
 5 SYSTEMPATH\CodeIgniter.php(919): App\Controllers\StudinfoController->jecjec()
 6 SYSTEMPATH\CodeIgniter.php(494): CodeIgniter\CodeIgniter->runController(Object(App\Controllers\StudinfoController))
 7 SYSTEMPATH\CodeIgniter.php(353): CodeIgniter\CodeIgniter->handleRequest(null, Object(Config\Cache), false)
 8 FCPATH\index.php(79): CodeIgniter\CodeIgniter->run()
 9 SYSTEMPATH\Commands\Server\rewrite.php(47): require_once('C:\\laragon\\www\\CRUDstudentinfo\\public\\index.php')
ERROR - 2023-09-17 09:09:12 --> mysqli_sql_exception: Table 'appdev.studinfos' doesn't exist in C:\laragon\www\CRUDstudentinfo\system\Database\MySQLi\Connection.php:306
Stack trace:
#0 C:\laragon\www\CRUDstudentinfo\system\Database\MySQLi\Connection.php(306): mysqli->query('SELECT *\nFROM `...', 0)
#1 C:\laragon\www\CRUDstudentinfo\system\Database\BaseConnection.php(692): CodeIgniter\Database\MySQLi\Connection->execute('SELECT *\nFROM `...')
#2 C:\laragon\www\CRUDstudentinfo\system\Database\BaseConnection.php(606): CodeIgniter\Database\BaseConnection->simpleQuery('SELECT *\nFROM `...')
#3 C:\laragon\www\CRUDstudentinfo\system\Database\BaseBuilder.php(1615): CodeIgniter\Database\BaseConnection->query('SELECT *\nFROM `...', Array, false)
#4 C:\laragon\www\CRUDstudentinfo\system\Model.php(237): CodeIgniter\Database\BaseBuilder->get()
#5 C:\laragon\www\CRUDstudentinfo\system\BaseModel.php(624): CodeIgniter\Model->doFindAll(0, 0)
#6 C:\laragon\www\CRUDstudentinfo\app\Controllers\StudinfoController.php(17): CodeIgniter\BaseModel->findAll()
#7 C:\laragon\www\CRUDstudentinfo\system\CodeIgniter.php(919): App\Controllers\StudinfoController->jecjec()
#8 C:\laragon\www\CRUDstudentinfo\system\CodeIgniter.php(494): CodeIgniter\CodeIgniter->runController(Object(App\Controllers\StudinfoController))
#9 C:\laragon\www\CRUDstudentinfo\system\CodeIgniter.php(353): CodeIgniter\CodeIgniter->handleRequest(NULL, Object(Config\Cache), false)
#10 C:\laragon\www\CRUDstudentinfo\public\index.php(79): CodeIgniter\CodeIgniter->run()
#11 C:\laragon\www\CRUDstudentinfo\system\Commands\Server\rewrite.php(47): require_once('C:\\laragon\\www\\...')
#12 {main}
CRITICAL - 2023-09-17 09:09:12 --> Table 'appdev.studinfos' doesn't exist
in SYSTEMPATH\Database\BaseConnection.php on line 646.
 1 SYSTEMPATH\Database\BaseBuilder.php(1615): CodeIgniter\Database\BaseConnection->query('SELECT *
FROM `studinfos`', [], false)
 2 SYSTEMPATH\Model.php(237): CodeIgniter\Database\BaseBuilder->get()
 3 SYSTEMPATH\BaseModel.php(624): CodeIgniter\Model->doFindAll(0, 0)
 4 APPPATH\Controllers\StudinfoController.php(17): CodeIgniter\BaseModel->findAll()
 5 SYSTEMPATH\CodeIgniter.php(919): App\Controllers\StudinfoController->jecjec()
 6 SYSTEMPATH\CodeIgniter.php(494): CodeIgniter\CodeIgniter->runController(Object(App\Controllers\StudinfoController))
 7 SYSTEMPATH\CodeIgniter.php(353): CodeIgniter\CodeIgniter->handleRequest(null, Object(Config\Cache), false)
 8 FCPATH\index.php(79): CodeIgniter\CodeIgniter->run()
 9 SYSTEMPATH\Commands\Server\rewrite.php(47): require_once('C:\\laragon\\www\\CRUDstudentinfo\\public\\index.php')
ERROR - 2023-09-17 09:12:44 --> mysqli_sql_exception: Table 'appdev.studinfos' doesn't exist in C:\laragon\www\CRUDstudentinfo\system\Database\MySQLi\Connection.php:306
Stack trace:
#0 C:\laragon\www\CRUDstudentinfo\system\Database\MySQLi\Connection.php(306): mysqli->query('SELECT *\nFROM `...', 0)
#1 C:\laragon\www\CRUDstudentinfo\system\Database\BaseConnection.php(692): CodeIgniter\Database\MySQLi\Connection->execute('SELECT *\nFROM `...')
#2 C:\laragon\www\CRUDstudentinfo\system\Database\BaseConnection.php(606): CodeIgniter\Database\BaseConnection->simpleQuery('SELECT *\nFROM `...')
#3 C:\laragon\www\CRUDstudentinfo\system\Database\BaseBuilder.php(1615): CodeIgniter\Database\BaseConnection->query('SELECT *\nFROM `...', Array, false)
#4 C:\laragon\www\CRUDstudentinfo\system\Model.php(237): CodeIgniter\Database\BaseBuilder->get()
#5 C:\laragon\www\CRUDstudentinfo\system\BaseModel.php(624): CodeIgniter\Model->doFindAll(0, 0)
#6 C:\laragon\www\CRUDstudentinfo\app\Controllers\StudinfoController.php(22): CodeIgniter\BaseModel->findAll()
#7 C:\laragon\www\CRUDstudentinfo\system\CodeIgniter.php(919): App\Controllers\StudinfoController->jecjec()
#8 C:\laragon\www\CRUDstudentinfo\system\CodeIgniter.php(494): CodeIgniter\CodeIgniter->runController(Object(App\Controllers\StudinfoController))
#9 C:\laragon\www\CRUDstudentinfo\system\CodeIgniter.php(353): CodeIgniter\CodeIgniter->handleRequest(NULL, Object(Config\Cache), false)
#10 C:\laragon\www\CRUDstudentinfo\public\index.php(79): CodeIgniter\CodeIgniter->run()
#11 C:\laragon\www\CRUDstudentinfo\system\Commands\Server\rewrite.php(47): require_once('C:\\laragon\\www\\...')
#12 {main}
CRITICAL - 2023-09-17 09:12:44 --> Table 'appdev.studinfos' doesn't exist
in SYSTEMPATH\Database\BaseConnection.php on line 646.
 1 SYSTEMPATH\Database\BaseBuilder.php(1615): CodeIgniter\Database\BaseConnection->query('SELECT *
FROM `studinfos`', [], false)
 2 SYSTEMPATH\Model.php(237): CodeIgniter\Database\BaseBuilder->get()
 3 SYSTEMPATH\BaseModel.php(624): CodeIgniter\Model->doFindAll(0, 0)
 4 APPPATH\Controllers\StudinfoController.php(22): CodeIgniter\BaseModel->findAll()
 5 SYSTEMPATH\CodeIgniter.php(919): App\Controllers\StudinfoController->jecjec()
 6 SYSTEMPATH\CodeIgniter.php(494): CodeIgniter\CodeIgniter->runController(Object(App\Controllers\StudinfoController))
 7 SYSTEMPATH\CodeIgniter.php(353): CodeIgniter\CodeIgniter->handleRequest(null, Object(Config\Cache), false)
 8 FCPATH\index.php(79): CodeIgniter\CodeIgniter->run()
 9 SYSTEMPATH\Commands\Server\rewrite.php(47): require_once('C:\\laragon\\www\\CRUDstudentinfo\\public\\index.php')
ERROR - 2023-09-17 09:12:46 --> mysqli_sql_exception: Table 'appdev.studinfos' doesn't exist in C:\laragon\www\CRUDstudentinfo\system\Database\MySQLi\Connection.php:306
Stack trace:
#0 C:\laragon\www\CRUDstudentinfo\system\Database\MySQLi\Connection.php(306): mysqli->query('SELECT *\nFROM `...', 0)
#1 C:\laragon\www\CRUDstudentinfo\system\Database\BaseConnection.php(692): CodeIgniter\Database\MySQLi\Connection->execute('SELECT *\nFROM `...')
#2 C:\laragon\www\CRUDstudentinfo\system\Database\BaseConnection.php(606): CodeIgniter\Database\BaseConnection->simpleQuery('SELECT *\nFROM `...')
#3 C:\laragon\www\CRUDstudentinfo\system\Database\BaseBuilder.php(1615): CodeIgniter\Database\BaseConnection->query('SELECT *\nFROM `...', Array, false)
#4 C:\laragon\www\CRUDstudentinfo\system\Model.php(237): CodeIgniter\Database\BaseBuilder->get()
#5 C:\laragon\www\CRUDstudentinfo\system\BaseModel.php(624): CodeIgniter\Model->doFindAll(0, 0)
#6 C:\laragon\www\CRUDstudentinfo\app\Controllers\StudinfoController.php(22): CodeIgniter\BaseModel->findAll()
#7 C:\laragon\www\CRUDstudentinfo\system\CodeIgniter.php(919): App\Controllers\StudinfoController->jecjec()
#8 C:\laragon\www\CRUDstudentinfo\system\CodeIgniter.php(494): CodeIgniter\CodeIgniter->runController(Object(App\Controllers\StudinfoController))
#9 C:\laragon\www\CRUDstudentinfo\system\CodeIgniter.php(353): CodeIgniter\CodeIgniter->handleRequest(NULL, Object(Config\Cache), false)
#10 C:\laragon\www\CRUDstudentinfo\public\index.php(79): CodeIgniter\CodeIgniter->run()
#11 C:\laragon\www\CRUDstudentinfo\system\Commands\Server\rewrite.php(47): require_once('C:\\laragon\\www\\...')
#12 {main}
CRITICAL - 2023-09-17 09:12:46 --> Table 'appdev.studinfos' doesn't exist
in SYSTEMPATH\Database\BaseConnection.php on line 646.
 1 SYSTEMPATH\Database\BaseBuilder.php(1615): CodeIgniter\Database\BaseConnection->query('SELECT *
FROM `studinfos`', [], false)
 2 SYSTEMPATH\Model.php(237): CodeIgniter\Database\BaseBuilder->get()
 3 SYSTEMPATH\BaseModel.php(624): CodeIgniter\Model->doFindAll(0, 0)
 4 APPPATH\Controllers\StudinfoController.php(22): CodeIgniter\BaseModel->findAll()
 5 SYSTEMPATH\CodeIgniter.php(919): App\Controllers\StudinfoController->jecjec()
 6 SYSTEMPATH\CodeIgniter.php(494): CodeIgniter\CodeIgniter->runController(Object(App\Controllers\StudinfoController))
 7 SYSTEMPATH\CodeIgniter.php(353): CodeIgniter\CodeIgniter->handleRequest(null, Object(Config\Cache), false)
 8 FCPATH\index.php(79): CodeIgniter\CodeIgniter->run()
 9 SYSTEMPATH\Commands\Server\rewrite.php(47): require_once('C:\\laragon\\www\\CRUDstudentinfo\\public\\index.php')
ERROR - 2023-09-17 09:14:07 --> mysqli_sql_exception: Table 'appdev.studinfos' doesn't exist in C:\laragon\www\CRUDstudentinfo\system\Database\MySQLi\Connection.php:306
Stack trace:
#0 C:\laragon\www\CRUDstudentinfo\system\Database\MySQLi\Connection.php(306): mysqli->query('SELECT *\nFROM `...', 0)
#1 C:\laragon\www\CRUDstudentinfo\system\Database\BaseConnection.php(692): CodeIgniter\Database\MySQLi\Connection->execute('SELECT *\nFROM `...')
#2 C:\laragon\www\CRUDstudentinfo\system\Database\BaseConnection.php(606): CodeIgniter\Database\BaseConnection->simpleQuery('SELECT *\nFROM `...')
#3 C:\laragon\www\CRUDstudentinfo\system\Database\BaseBuilder.php(1615): CodeIgniter\Database\BaseConnection->query('SELECT *\nFROM `...', Array, false)
#4 C:\laragon\www\CRUDstudentinfo\system\Model.php(237): CodeIgniter\Database\BaseBuilder->get()
#5 C:\laragon\www\CRUDstudentinfo\system\BaseModel.php(624): CodeIgniter\Model->doFindAll(0, 0)
#6 C:\laragon\www\CRUDstudentinfo\app\Controllers\StudinfoController.php(22): CodeIgniter\BaseModel->findAll()
#7 C:\laragon\www\CRUDstudentinfo\system\CodeIgniter.php(919): App\Controllers\StudinfoController->jecjec()
#8 C:\laragon\www\CRUDstudentinfo\system\CodeIgniter.php(494): CodeIgniter\CodeIgniter->runController(Object(App\Controllers\StudinfoController))
#9 C:\laragon\www\CRUDstudentinfo\system\CodeIgniter.php(353): CodeIgniter\CodeIgniter->handleRequest(NULL, Object(Config\Cache), false)
#10 C:\laragon\www\CRUDstudentinfo\public\index.php(79): CodeIgniter\CodeIgniter->run()
#11 C:\laragon\www\CRUDstudentinfo\system\Commands\Server\rewrite.php(47): require_once('C:\\laragon\\www\\...')
#12 {main}
CRITICAL - 2023-09-17 09:14:07 --> Table 'appdev.studinfos' doesn't exist
in SYSTEMPATH\Database\BaseConnection.php on line 646.
 1 SYSTEMPATH\Database\BaseBuilder.php(1615): CodeIgniter\Database\BaseConnection->query('SELECT *
FROM `studinfos`', [], false)
 2 SYSTEMPATH\Model.php(237): CodeIgniter\Database\BaseBuilder->get()
 3 SYSTEMPATH\BaseModel.php(624): CodeIgniter\Model->doFindAll(0, 0)
 4 APPPATH\Controllers\StudinfoController.php(22): CodeIgniter\BaseModel->findAll()
 5 SYSTEMPATH\CodeIgniter.php(919): App\Controllers\StudinfoController->jecjec()
 6 SYSTEMPATH\CodeIgniter.php(494): CodeIgniter\CodeIgniter->runController(Object(App\Controllers\StudinfoController))
 7 SYSTEMPATH\CodeIgniter.php(353): CodeIgniter\CodeIgniter->handleRequest(null, Object(Config\Cache), false)
 8 FCPATH\index.php(79): CodeIgniter\CodeIgniter->run()
 9 SYSTEMPATH\Commands\Server\rewrite.php(47): require_once('C:\\laragon\\www\\CRUDstudentinfo\\public\\index.php')
ERROR - 2023-09-17 09:14:07 --> mysqli_sql_exception: Table 'appdev.studinfos' doesn't exist in C:\laragon\www\CRUDstudentinfo\system\Database\MySQLi\Connection.php:306
Stack trace:
#0 C:\laragon\www\CRUDstudentinfo\system\Database\MySQLi\Connection.php(306): mysqli->query('SELECT *\nFROM `...', 0)
#1 C:\laragon\www\CRUDstudentinfo\system\Database\BaseConnection.php(692): CodeIgniter\Database\MySQLi\Connection->execute('SELECT *\nFROM `...')
#2 C:\laragon\www\CRUDstudentinfo\system\Database\BaseConnection.php(606): CodeIgniter\Database\BaseConnection->simpleQuery('SELECT *\nFROM `...')
#3 C:\laragon\www\CRUDstudentinfo\system\Database\BaseBuilder.php(1615): CodeIgniter\Database\BaseConnection->query('SELECT *\nFROM `...', Array, false)
#4 C:\laragon\www\CRUDstudentinfo\system\Model.php(237): CodeIgniter\Database\BaseBuilder->get()
#5 C:\laragon\www\CRUDstudentinfo\system\BaseModel.php(624): CodeIgniter\Model->doFindAll(0, 0)
#6 C:\laragon\www\CRUDstudentinfo\app\Controllers\StudinfoController.php(22): CodeIgniter\BaseModel->findAll()
#7 C:\laragon\www\CRUDstudentinfo\system\CodeIgniter.php(919): App\Controllers\StudinfoController->jecjec()
#8 C:\laragon\www\CRUDstudentinfo\system\CodeIgniter.php(494): CodeIgniter\CodeIgniter->runController(Object(App\Controllers\StudinfoController))
#9 C:\laragon\www\CRUDstudentinfo\system\CodeIgniter.php(353): CodeIgniter\CodeIgniter->handleRequest(NULL, Object(Config\Cache), false)
#10 C:\laragon\www\CRUDstudentinfo\public\index.php(79): CodeIgniter\CodeIgniter->run()
#11 C:\laragon\www\CRUDstudentinfo\system\Commands\Server\rewrite.php(47): require_once('C:\\laragon\\www\\...')
#12 {main}
CRITICAL - 2023-09-17 09:14:07 --> Table 'appdev.studinfos' doesn't exist
in SYSTEMPATH\Database\BaseConnection.php on line 646.
 1 SYSTEMPATH\Database\BaseBuilder.php(1615): CodeIgniter\Database\BaseConnection->query('SELECT *
FROM `studinfos`', [], false)
 2 SYSTEMPATH\Model.php(237): CodeIgniter\Database\BaseBuilder->get()
 3 SYSTEMPATH\BaseModel.php(624): CodeIgniter\Model->doFindAll(0, 0)
 4 APPPATH\Controllers\StudinfoController.php(22): CodeIgniter\BaseModel->findAll()
 5 SYSTEMPATH\CodeIgniter.php(919): App\Controllers\StudinfoController->jecjec()
 6 SYSTEMPATH\CodeIgniter.php(494): CodeIgniter\CodeIgniter->runController(Object(App\Controllers\StudinfoController))
 7 SYSTEMPATH\CodeIgniter.php(353): CodeIgniter\CodeIgniter->handleRequest(null, Object(Config\Cache), false)
 8 FCPATH\index.php(79): CodeIgniter\CodeIgniter->run()
 9 SYSTEMPATH\Commands\Server\rewrite.php(47): require_once('C:\\laragon\\www\\CRUDstudentinfo\\public\\index.php')
ERROR - 2023-09-17 09:14:08 --> mysqli_sql_exception: Table 'appdev.studinfos' doesn't exist in C:\laragon\www\CRUDstudentinfo\system\Database\MySQLi\Connection.php:306
Stack trace:
#0 C:\laragon\www\CRUDstudentinfo\system\Database\MySQLi\Connection.php(306): mysqli->query('SELECT *\nFROM `...', 0)
#1 C:\laragon\www\CRUDstudentinfo\system\Database\BaseConnection.php(692): CodeIgniter\Database\MySQLi\Connection->execute('SELECT *\nFROM `...')
#2 C:\laragon\www\CRUDstudentinfo\system\Database\BaseConnection.php(606): CodeIgniter\Database\BaseConnection->simpleQuery('SELECT *\nFROM `...')
#3 C:\laragon\www\CRUDstudentinfo\system\Database\BaseBuilder.php(1615): CodeIgniter\Database\BaseConnection->query('SELECT *\nFROM `...', Array, false)
#4 C:\laragon\www\CRUDstudentinfo\system\Model.php(237): CodeIgniter\Database\BaseBuilder->get()
#5 C:\laragon\www\CRUDstudentinfo\system\BaseModel.php(624): CodeIgniter\Model->doFindAll(0, 0)
#6 C:\laragon\www\CRUDstudentinfo\app\Controllers\StudinfoController.php(22): CodeIgniter\BaseModel->findAll()
#7 C:\laragon\www\CRUDstudentinfo\system\CodeIgniter.php(919): App\Controllers\StudinfoController->jecjec()
#8 C:\laragon\www\CRUDstudentinfo\system\CodeIgniter.php(494): CodeIgniter\CodeIgniter->runController(Object(App\Controllers\StudinfoController))
#9 C:\laragon\www\CRUDstudentinfo\system\CodeIgniter.php(353): CodeIgniter\CodeIgniter->handleRequest(NULL, Object(Config\Cache), false)
#10 C:\laragon\www\CRUDstudentinfo\public\index.php(79): CodeIgniter\CodeIgniter->run()
#11 C:\laragon\www\CRUDstudentinfo\system\Commands\Server\rewrite.php(47): require_once('C:\\laragon\\www\\...')
#12 {main}
CRITICAL - 2023-09-17 09:14:08 --> Table 'appdev.studinfos' doesn't exist
in SYSTEMPATH\Database\BaseConnection.php on line 646.
 1 SYSTEMPATH\Database\BaseBuilder.php(1615): CodeIgniter\Database\BaseConnection->query('SELECT *
FROM `studinfos`', [], false)
 2 SYSTEMPATH\Model.php(237): CodeIgniter\Database\BaseBuilder->get()
 3 SYSTEMPATH\BaseModel.php(624): CodeIgniter\Model->doFindAll(0, 0)
 4 APPPATH\Controllers\StudinfoController.php(22): CodeIgniter\BaseModel->findAll()
 5 SYSTEMPATH\CodeIgniter.php(919): App\Controllers\StudinfoController->jecjec()
 6 SYSTEMPATH\CodeIgniter.php(494): CodeIgniter\CodeIgniter->runController(Object(App\Controllers\StudinfoController))
 7 SYSTEMPATH\CodeIgniter.php(353): CodeIgniter\CodeIgniter->handleRequest(null, Object(Config\Cache), false)
 8 FCPATH\index.php(79): CodeIgniter\CodeIgniter->run()
 9 SYSTEMPATH\Commands\Server\rewrite.php(47): require_once('C:\\laragon\\www\\CRUDstudentinfo\\public\\index.php')
ERROR - 2023-09-17 09:14:08 --> mysqli_sql_exception: Table 'appdev.studinfos' doesn't exist in C:\laragon\www\CRUDstudentinfo\system\Database\MySQLi\Connection.php:306
Stack trace:
#0 C:\laragon\www\CRUDstudentinfo\system\Database\MySQLi\Connection.php(306): mysqli->query('SELECT *\nFROM `...', 0)
#1 C:\laragon\www\CRUDstudentinfo\system\Database\BaseConnection.php(692): CodeIgniter\Database\MySQLi\Connection->execute('SELECT *\nFROM `...')
#2 C:\laragon\www\CRUDstudentinfo\system\Database\BaseConnection.php(606): CodeIgniter\Database\BaseConnection->simpleQuery('SELECT *\nFROM `...')
#3 C:\laragon\www\CRUDstudentinfo\system\Database\BaseBuilder.php(1615): CodeIgniter\Database\BaseConnection->query('SELECT *\nFROM `...', Array, false)
#4 C:\laragon\www\CRUDstudentinfo\system\Model.php(237): CodeIgniter\Database\BaseBuilder->get()
#5 C:\laragon\www\CRUDstudentinfo\system\BaseModel.php(624): CodeIgniter\Model->doFindAll(0, 0)
#6 C:\laragon\www\CRUDstudentinfo\app\Controllers\StudinfoController.php(22): CodeIgniter\BaseModel->findAll()
#7 C:\laragon\www\CRUDstudentinfo\system\CodeIgniter.php(919): App\Controllers\StudinfoController->jecjec()
#8 C:\laragon\www\CRUDstudentinfo\system\CodeIgniter.php(494): CodeIgniter\CodeIgniter->runController(Object(App\Controllers\StudinfoController))
#9 C:\laragon\www\CRUDstudentinfo\system\CodeIgniter.php(353): CodeIgniter\CodeIgniter->handleRequest(NULL, Object(Config\Cache), false)
#10 C:\laragon\www\CRUDstudentinfo\public\index.php(79): CodeIgniter\CodeIgniter->run()
#11 C:\laragon\www\CRUDstudentinfo\system\Commands\Server\rewrite.php(47): require_once('C:\\laragon\\www\\...')
#12 {main}
CRITICAL - 2023-09-17 09:14:08 --> Table 'appdev.studinfos' doesn't exist
in SYSTEMPATH\Database\BaseConnection.php on line 646.
 1 SYSTEMPATH\Database\BaseBuilder.php(1615): CodeIgniter\Database\BaseConnection->query('SELECT *
FROM `studinfos`', [], false)
 2 SYSTEMPATH\Model.php(237): CodeIgniter\Database\BaseBuilder->get()
 3 SYSTEMPATH\BaseModel.php(624): CodeIgniter\Model->doFindAll(0, 0)
 4 APPPATH\Controllers\StudinfoController.php(22): CodeIgniter\BaseModel->findAll()
 5 SYSTEMPATH\CodeIgniter.php(919): App\Controllers\StudinfoController->jecjec()
 6 SYSTEMPATH\CodeIgniter.php(494): CodeIgniter\CodeIgniter->runController(Object(App\Controllers\StudinfoController))
 7 SYSTEMPATH\CodeIgniter.php(353): CodeIgniter\CodeIgniter->handleRequest(null, Object(Config\Cache), false)
 8 FCPATH\index.php(79): CodeIgniter\CodeIgniter->run()
 9 SYSTEMPATH\Commands\Server\rewrite.php(47): require_once('C:\\laragon\\www\\CRUDstudentinfo\\public\\index.php')
ERROR - 2023-09-17 09:14:08 --> mysqli_sql_exception: Table 'appdev.studinfos' doesn't exist in C:\laragon\www\CRUDstudentinfo\system\Database\MySQLi\Connection.php:306
Stack trace:
#0 C:\laragon\www\CRUDstudentinfo\system\Database\MySQLi\Connection.php(306): mysqli->query('SELECT *\nFROM `...', 0)
#1 C:\laragon\www\CRUDstudentinfo\system\Database\BaseConnection.php(692): CodeIgniter\Database\MySQLi\Connection->execute('SELECT *\nFROM `...')
#2 C:\laragon\www\CRUDstudentinfo\system\Database\BaseConnection.php(606): CodeIgniter\Database\BaseConnection->simpleQuery('SELECT *\nFROM `...')
#3 C:\laragon\www\CRUDstudentinfo\system\Database\BaseBuilder.php(1615): CodeIgniter\Database\BaseConnection->query('SELECT *\nFROM `...', Array, false)
#4 C:\laragon\www\CRUDstudentinfo\system\Model.php(237): CodeIgniter\Database\BaseBuilder->get()
#5 C:\laragon\www\CRUDstudentinfo\system\BaseModel.php(624): CodeIgniter\Model->doFindAll(0, 0)
#6 C:\laragon\www\CRUDstudentinfo\app\Controllers\StudinfoController.php(22): CodeIgniter\BaseModel->findAll()
#7 C:\laragon\www\CRUDstudentinfo\system\CodeIgniter.php(919): App\Controllers\StudinfoController->jecjec()
#8 C:\laragon\www\CRUDstudentinfo\system\CodeIgniter.php(494): CodeIgniter\CodeIgniter->runController(Object(App\Controllers\StudinfoController))
#9 C:\laragon\www\CRUDstudentinfo\system\CodeIgniter.php(353): CodeIgniter\CodeIgniter->handleRequest(NULL, Object(Config\Cache), false)
#10 C:\laragon\www\CRUDstudentinfo\public\index.php(79): CodeIgniter\CodeIgniter->run()
#11 C:\laragon\www\CRUDstudentinfo\system\Commands\Server\rewrite.php(47): require_once('C:\\laragon\\www\\...')
#12 {main}
CRITICAL - 2023-09-17 09:14:08 --> Table 'appdev.studinfos' doesn't exist
in SYSTEMPATH\Database\BaseConnection.php on line 646.
 1 SYSTEMPATH\Database\BaseBuilder.php(1615): CodeIgniter\Database\BaseConnection->query('SELECT *
FROM `studinfos`', [], false)
 2 SYSTEMPATH\Model.php(237): CodeIgniter\Database\BaseBuilder->get()
 3 SYSTEMPATH\BaseModel.php(624): CodeIgniter\Model->doFindAll(0, 0)
 4 APPPATH\Controllers\StudinfoController.php(22): CodeIgniter\BaseModel->findAll()
 5 SYSTEMPATH\CodeIgniter.php(919): App\Controllers\StudinfoController->jecjec()
 6 SYSTEMPATH\CodeIgniter.php(494): CodeIgniter\CodeIgniter->runController(Object(App\Controllers\StudinfoController))
 7 SYSTEMPATH\CodeIgniter.php(353): CodeIgniter\CodeIgniter->handleRequest(null, Object(Config\Cache), false)
 8 FCPATH\index.php(79): CodeIgniter\CodeIgniter->run()
 9 SYSTEMPATH\Commands\Server\rewrite.php(47): require_once('C:\\laragon\\www\\CRUDstudentinfo\\public\\index.php')
CRITICAL - 2023-09-17 09:18:11 --> Class "App\Controllers\MainModel" not found
in APPPATH\Controllers\StudinfoController.php on line 24.
 1 SYSTEMPATH\CodeIgniter.php(919): App\Controllers\StudinfoController->jecjec()
 2 SYSTEMPATH\CodeIgniter.php(494): CodeIgniter\CodeIgniter->runController(Object(App\Controllers\StudinfoController))
 3 SYSTEMPATH\CodeIgniter.php(353): CodeIgniter\CodeIgniter->handleRequest(null, Object(Config\Cache), false)
 4 FCPATH\index.php(79): CodeIgniter\CodeIgniter->run()
 5 SYSTEMPATH\Commands\Server\rewrite.php(47): require_once('C:\\laragon\\www\\CRUDstudentinfo\\public\\index.php')
CRITICAL - 2023-09-17 09:18:13 --> Class "App\Controllers\MainModel" not found
in APPPATH\Controllers\StudinfoController.php on line 24.
 1 SYSTEMPATH\CodeIgniter.php(919): App\Controllers\StudinfoController->jecjec()
 2 SYSTEMPATH\CodeIgniter.php(494): CodeIgniter\CodeIgniter->runController(Object(App\Controllers\StudinfoController))
 3 SYSTEMPATH\CodeIgniter.php(353): CodeIgniter\CodeIgniter->handleRequest(null, Object(Config\Cache), false)
 4 FCPATH\index.php(79): CodeIgniter\CodeIgniter->run()
 5 SYSTEMPATH\Commands\Server\rewrite.php(47): require_once('C:\\laragon\\www\\CRUDstudentinfo\\public\\index.php')
ERROR - 2023-09-17 09:20:09 --> mysqli_sql_exception: Table 'appdev.studinfos' doesn't exist in C:\laragon\www\CRUDstudentinfo\system\Database\MySQLi\Connection.php:306
Stack trace:
#0 C:\laragon\www\CRUDstudentinfo\system\Database\MySQLi\Connection.php(306): mysqli->query('SELECT *\nFROM `...', 0)
#1 C:\laragon\www\CRUDstudentinfo\system\Database\BaseConnection.php(692): CodeIgniter\Database\MySQLi\Connection->execute('SELECT *\nFROM `...')
#2 C:\laragon\www\CRUDstudentinfo\system\Database\BaseConnection.php(606): CodeIgniter\Database\BaseConnection->simpleQuery('SELECT *\nFROM `...')
#3 C:\laragon\www\CRUDstudentinfo\system\Database\BaseBuilder.php(1615): CodeIgniter\Database\BaseConnection->query('SELECT *\nFROM `...', Array, false)
#4 C:\laragon\www\CRUDstudentinfo\system\Model.php(237): CodeIgniter\Database\BaseBuilder->get()
#5 C:\laragon\www\CRUDstudentinfo\system\BaseModel.php(624): CodeIgniter\Model->doFindAll(0, 0)
#6 C:\laragon\www\CRUDstudentinfo\app\Controllers\StudinfoController.php(22): CodeIgniter\BaseModel->findAll()
#7 C:\laragon\www\CRUDstudentinfo\system\CodeIgniter.php(919): App\Controllers\StudinfoController->jecjec()
#8 C:\laragon\www\CRUDstudentinfo\system\CodeIgniter.php(494): CodeIgniter\CodeIgniter->runController(Object(App\Controllers\StudinfoController))
#9 C:\laragon\www\CRUDstudentinfo\system\CodeIgniter.php(353): CodeIgniter\CodeIgniter->handleRequest(NULL, Object(Config\Cache), false)
#10 C:\laragon\www\CRUDstudentinfo\public\index.php(79): CodeIgniter\CodeIgniter->run()
#11 C:\laragon\www\CRUDstudentinfo\system\Commands\Server\rewrite.php(47): require_once('C:\\laragon\\www\\...')
#12 {main}
CRITICAL - 2023-09-17 09:20:09 --> Table 'appdev.studinfos' doesn't exist
in SYSTEMPATH\Database\BaseConnection.php on line 646.
 1 SYSTEMPATH\Database\BaseBuilder.php(1615): CodeIgniter\Database\BaseConnection->query('SELECT *
FROM `studinfos`', [], false)
 2 SYSTEMPATH\Model.php(237): CodeIgniter\Database\BaseBuilder->get()
 3 SYSTEMPATH\BaseModel.php(624): CodeIgniter\Model->doFindAll(0, 0)
 4 APPPATH\Controllers\StudinfoController.php(22): CodeIgniter\BaseModel->findAll()
 5 SYSTEMPATH\CodeIgniter.php(919): App\Controllers\StudinfoController->jecjec()
 6 SYSTEMPATH\CodeIgniter.php(494): CodeIgniter\CodeIgniter->runController(Object(App\Controllers\StudinfoController))
 7 SYSTEMPATH\CodeIgniter.php(353): CodeIgniter\CodeIgniter->handleRequest(null, Object(Config\Cache), false)
 8 FCPATH\index.php(79): CodeIgniter\CodeIgniter->run()
 9 SYSTEMPATH\Commands\Server\rewrite.php(47): require_once('C:\\laragon\\www\\CRUDstudentinfo\\public\\index.php')
CRITICAL - 2023-09-17 09:58:11 --> syntax error, unexpected end of file
in APPPATH\Views\Studinfos.php on line 24.
 1 SYSTEMPATH\View\View.php(229): CodeIgniter\View\View->CodeIgniter\View\{closure}()
 2 SYSTEMPATH\Common.php(1188): CodeIgniter\View\View->render('Studinfos', [], true)
 3 APPPATH\Controllers\StudinfoController.php(23): view('Studinfos', [...])
 4 SYSTEMPATH\CodeIgniter.php(919): App\Controllers\StudinfoController->jecjec()
 5 SYSTEMPATH\CodeIgniter.php(494): CodeIgniter\CodeIgniter->runController(Object(App\Controllers\StudinfoController))
 6 SYSTEMPATH\CodeIgniter.php(353): CodeIgniter\CodeIgniter->handleRequest(null, Object(Config\Cache), false)
 7 FCPATH\index.php(79): CodeIgniter\CodeIgniter->run()
 8 SYSTEMPATH\Commands\Server\rewrite.php(47): require_once('C:\\laragon\\www\\CRUDstudentinfo\\public\\index.php')
CRITICAL - 2023-09-17 09:59:53 --> syntax error, unexpected end of file
in APPPATH\Views\Studinfos.php on line 24.
 1 SYSTEMPATH\View\View.php(229): CodeIgniter\View\View->CodeIgniter\View\{closure}()
 2 SYSTEMPATH\Common.php(1188): CodeIgniter\View\View->render('Studinfos', [], true)
 3 APPPATH\Controllers\StudinfoController.php(23): view('Studinfos', [...])
 4 SYSTEMPATH\CodeIgniter.php(919): App\Controllers\StudinfoController->jecjec()
 5 SYSTEMPATH\CodeIgniter.php(494): CodeIgniter\CodeIgniter->runController(Object(App\Controllers\StudinfoController))
 6 SYSTEMPATH\CodeIgniter.php(353): CodeIgniter\CodeIgniter->handleRequest(null, Object(Config\Cache), false)
 7 FCPATH\index.php(79): CodeIgniter\CodeIgniter->run()
 8 SYSTEMPATH\Commands\Server\rewrite.php(47): require_once('C:\\laragon\\www\\CRUDstudentinfo\\public\\index.php')
CRITICAL - 2023-09-17 09:59:55 --> syntax error, unexpected end of file
in APPPATH\Views\Studinfos.php on line 24.
 1 SYSTEMPATH\View\View.php(229): CodeIgniter\View\View->CodeIgniter\View\{closure}()
 2 SYSTEMPATH\Common.php(1188): CodeIgniter\View\View->render('Studinfos', [], true)
 3 APPPATH\Controllers\StudinfoController.php(23): view('Studinfos', [...])
 4 SYSTEMPATH\CodeIgniter.php(919): App\Controllers\StudinfoController->jecjec()
 5 SYSTEMPATH\CodeIgniter.php(494): CodeIgniter\CodeIgniter->runController(Object(App\Controllers\StudinfoController))
 6 SYSTEMPATH\CodeIgniter.php(353): CodeIgniter\CodeIgniter->handleRequest(null, Object(Config\Cache), false)
 7 FCPATH\index.php(79): CodeIgniter\CodeIgniter->run()
 8 SYSTEMPATH\Commands\Server\rewrite.php(47): require_once('C:\\laragon\\www\\CRUDstudentinfo\\public\\index.php')
CRITICAL - 2023-09-17 10:00:03 --> syntax error, unexpected end of file
in APPPATH\Views\Studinfos.php on line 24.
 1 SYSTEMPATH\View\View.php(229): CodeIgniter\View\View->CodeIgniter\View\{closure}()
 2 SYSTEMPATH\Common.php(1188): CodeIgniter\View\View->render('Studinfos', [], true)
 3 APPPATH\Controllers\StudinfoController.php(23): view('Studinfos', [...])
 4 SYSTEMPATH\CodeIgniter.php(919): App\Controllers\StudinfoController->jecjec()
 5 SYSTEMPATH\CodeIgniter.php(494): CodeIgniter\CodeIgniter->runController(Object(App\Controllers\StudinfoController))
 6 SYSTEMPATH\CodeIgniter.php(353): CodeIgniter\CodeIgniter->handleRequest(null, Object(Config\Cache), false)
 7 FCPATH\index.php(79): CodeIgniter\CodeIgniter->run()
 8 SYSTEMPATH\Commands\Server\rewrite.php(47): require_once('C:\\laragon\\www\\CRUDstudentinfo\\public\\index.php')
